C:\Program Files (x86)\Microsoft Visual Studio\2019\Community\MSBuild\Microsoft\VC\v160\Microsoft.CppBuild.targets(453,5): warning MSB8004: Output Directory does not end with a trailing slash.  This build instance will add the slash as it is required to allow proper evaluation of the Output Directory.
C:\Program Files (x86)\Microsoft Visual Studio\2019\Community\MSBuild\Microsoft\VC\v160\Microsoft.CppBuild.targets(467,5): warning MSB8028: The intermediate directory (Debug\) contains files shared from another project (VisualStudioDev.vcxproj).  This can lead to incorrect clean and rebuild behavior.
  main.cpp
C:\Users\jayde\OneDrive\Documents\Code\Robot_Development\robotdev\simulation\main\main.cpp(83,23): warning C4018: '<': signed/unsigned mismatch
C:\Users\jayde\OneDrive\Documents\Code\Robot_Development\robotdev\simulation\main\main.cpp(92,28): warning C4244: '=': conversion from 'double' to 'int', possible loss of data
C:\Users\jayde\OneDrive\Documents\Code\Robot_Development\robotdev\simulation\main\main.cpp(102,18): warning C4244: 'initializing': conversion from 'double' to 'float', possible loss of data
C:\Users\jayde\OneDrive\Documents\Code\Robot_Development\robotdev\simulation\main\main.cpp(105,31): warning C4244: 'argument': conversion from 'float' to '_Tp', possible loss of data
          with
          [
              _Tp=int
          ]
C:\Users\jayde\OneDrive\Documents\Code\Robot_Development\robotdev\simulation\main\main.cpp(105,45): warning C4244: 'argument': conversion from 'float' to '_Tp', possible loss of data
          with
          [
              _Tp=int
          ]
C:\Users\jayde\OneDrive\Documents\Code\Robot_Development\robotdev\simulation\main\main.cpp(162,21): warning C4244: 'initializing': conversion from 'int' to 'float', possible loss of data
C:\Users\jayde\OneDrive\Documents\Code\Robot_Development\robotdev\simulation\main\main.cpp(202,36): warning C4804: '<': unsafe use of type 'bool' in operation
C:\Users\jayde\OneDrive\Documents\Code\Robot_Development\robotdev\simulation\main\main.cpp(248,43): error C2065: 'A': undeclared identifier
C:\Users\jayde\OneDrive\Documents\Code\Robot_Development\robotdev\simulation\main\main.cpp(282,17): error C2065: 'distance_angle': undeclared identifier
C:\Users\jayde\OneDrive\Documents\Code\Robot_Development\robotdev\simulation\main\main.cpp(284,17): error C2065: 'x': undeclared identifier
C:\Users\jayde\OneDrive\Documents\Code\Robot_Development\robotdev\simulation\main\main.cpp(284,86): error C2065: 'distance_angle': undeclared identifier
C:\Users\jayde\OneDrive\Documents\Code\Robot_Development\robotdev\simulation\main\main.cpp(286,17): error C2065: 'y': undeclared identifier
C:\Users\jayde\OneDrive\Documents\Code\Robot_Development\robotdev\simulation\main\main.cpp(286,27): error C2065: 'x': undeclared identifier
C:\Users\jayde\OneDrive\Documents\Code\Robot_Development\robotdev\simulation\main\main.cpp(288,17): error C2065: 'theta2': undeclared identifier
C:\Users\jayde\OneDrive\Documents\Code\Robot_Development\robotdev\simulation\main\main.cpp(288,43): error C2065: 'distance_angle': undeclared identifier
C:\Users\jayde\OneDrive\Documents\Code\Robot_Development\robotdev\simulation\main\main.cpp(288,63): error C2065: 'x': undeclared identifier
C:\Users\jayde\OneDrive\Documents\Code\Robot_Development\robotdev\simulation\main\main.cpp(290,17): error C2065: 'z': undeclared identifier
C:\Users\jayde\OneDrive\Documents\Code\Robot_Development\robotdev\simulation\main\main.cpp(290,49): error C2065: 'y': undeclared identifier
C:\Users\jayde\OneDrive\Documents\Code\Robot_Development\robotdev\simulation\main\main.cpp(290,72): error C2065: 'y': undeclared identifier
C:\Users\jayde\OneDrive\Documents\Code\Robot_Development\robotdev\simulation\main\main.cpp(290,80): error C2065: 'theta2': undeclared identifier
C:\Users\jayde\OneDrive\Documents\Code\Robot_Development\robotdev\simulation\main\main.cpp(292,17): error C2065: 'theta': undeclared identifier
C:\Users\jayde\OneDrive\Documents\Code\Robot_Development\robotdev\simulation\main\main.cpp(292,35): error C2065: 'z': undeclared identifier
C:\Users\jayde\OneDrive\Documents\Code\Robot_Development\robotdev\simulation\main\main.cpp(292,66): error C2065: 'y': undeclared identifier
C:\Users\jayde\OneDrive\Documents\Code\Robot_Development\robotdev\simulation\main\main.cpp(292,91): error C2065: 'z': undeclared identifier
C:\Users\jayde\OneDrive\Documents\Code\Robot_Development\robotdev\simulation\main\main.cpp(294,57): error C2065: 'theta': undeclared identifier
C:\Users\jayde\OneDrive\Documents\Code\Robot_Development\robotdev\simulation\main\main.cpp(300,17): error C2065: 'distance_angle': undeclared identifier
C:\Users\jayde\OneDrive\Documents\Code\Robot_Development\robotdev\simulation\main\main.cpp(302,17): error C2065: 'x': undeclared identifier
C:\Users\jayde\OneDrive\Documents\Code\Robot_Development\robotdev\simulation\main\main.cpp(302,87): error C2065: 'distance_angle': undeclared identifier
C:\Users\jayde\OneDrive\Documents\Code\Robot_Development\robotdev\simulation\main\main.cpp(304,17): error C2065: 'y': undeclared identifier
C:\Users\jayde\OneDrive\Documents\Code\Robot_Development\robotdev\simulation\main\main.cpp(304,27): error C2065: 'x': undeclared identifier
C:\Users\jayde\OneDrive\Documents\Code\Robot_Development\robotdev\simulation\main\main.cpp(306,17): error C2065: 'theta2': undeclared identifier
C:\Users\jayde\OneDrive\Documents\Code\Robot_Development\robotdev\simulation\main\main.cpp(306,43): error C2065: 'distance_angle': undeclared identifier
C:\Users\jayde\OneDrive\Documents\Code\Robot_Development\robotdev\simulation\main\main.cpp(306,63): error C2065: 'x': undeclared identifier
C:\Users\jayde\OneDrive\Documents\Code\Robot_Development\robotdev\simulation\main\main.cpp(308,17): error C2065: 'z': undeclared identifier
C:\Users\jayde\OneDrive\Documents\Code\Robot_Development\robotdev\simulation\main\main.cpp(308,49): error C2065: 'y': undeclared identifier
C:\Users\jayde\OneDrive\Documents\Code\Robot_Development\robotdev\simulation\main\main.cpp(308,72): error C2065: 'y': undeclared identifier
C:\Users\jayde\OneDrive\Documents\Code\Robot_Development\robotdev\simulation\main\main.cpp(308,80): error C2065: 'theta2': undeclared identifier
C:\Users\jayde\OneDrive\Documents\Code\Robot_Development\robotdev\simulation\main\main.cpp(310,17): error C2065: 'theta': undeclared identifier
C:\Users\jayde\OneDrive\Documents\Code\Robot_Development\robotdev\simulation\main\main.cpp(310,35): error C2065: 'z': undeclared identifier
C:\Users\jayde\OneDrive\Documents\Code\Robot_Development\robotdev\simulation\main\main.cpp(310,66): error C2065: 'y': undeclared identifier
C:\Users\jayde\OneDrive\Documents\Code\Robot_Development\robotdev\simulation\main\main.cpp(310,91): error C2065: 'z': undeclared identifier
C:\Users\jayde\OneDrive\Documents\Code\Robot_Development\robotdev\simulation\main\main.cpp(311,58): error C2065: 'theta': undeclared identifier
